#
# A fatal error has been detected by the Java Runtime Environment:
#
#  EXCEPTION_ACCESS_VIOLATION (0xc0000005) at pc=0x00007ffd478cda99, pid=9576, tid=0x00000000000022cc
#
# JRE version: Java(TM) SE Runtime Environment (8.0_131-b11) (build 1.8.0_131-b11)
# Java VM: Java HotSpot(TM) 64-Bit Server VM (25.131-b11 mixed mode windows-amd64 compressed oops)
# Problematic frame:
# C  [ntdll.dll+0x1da99]
#
# Failed to write core dump. Minidumps are not enabled by default on client versions of Windows
#
# If you would like to submit a bug report, please visit:
#   http://bugreport.java.com/bugreport/crash.jsp
# The crash happened outside the Java Virtual Machine in native code.
# See problematic frame for where to report the bug.
#

---------------  T H R E A D  ---------------

Current thread (0x0000000019b0b800):  JavaThread "Thread-2" [_thread_in_native, id=8908, stack(0x0000000028040000,0x0000000028140000)]

siginfo: ExceptionCode=0xc0000005, writing address 0x0000000000000024

Registers:
RAX=0xffffffffffffffff, RBX=0x0000000019af78c8, RCX=0x0000000000000000, RDX=0xffffffffffffffff
RSP=0x000000002813ef60, RBP=0x000000002813efd0, RSI=0x0000000000000000, RDI=0x0000000000000000
R8 =0x0000000000000000, R9 =0x00007ffd239be600, R10=0x0000000000000000, R11=0x0000000000000246
R12=0x0000000000000000, R13=0x00000000264f5fe0, R14=0x0000000000000000, R15=0x0000000019b0b800
RIP=0x00007ffd478cda99, EFLAGS=0x0000000000010213

Top of Stack: (sp=0x000000002813ef60)
0x000000002813ef60:   ffffffffffffffff 0000000019af78c8
0x000000002813ef70:   00000000eb6e13c0 3ff0000000000000
0x000000002813ef80:   3ff0000000000000 0000000000000000
0x000000002813ef90:   000000002813f258 0000000000d36000
0x000000002813efa0:   3fdd1745d1745d17 0000000000000000
0x000000002813efb0:   00000000c3288348 0000000000000000
0x000000002813efc0:   000001e000000280 00007ffd44afe0e2
0x000000002813efd0:   0000000019b0b800 0000000000000001
0x000000002813efe0:   00000000264f5fe0 0000000000000000
0x000000002813eff0:   0000000000000000 0000000000000000
0x000000002813f000:   0000000000000001 00007ffd478c8507
0x000000002813f010:   0000000000000000 0000000019af78c8
0x000000002813f020:   00000000fffffffa 0000000000000000
0x000000002813f030:   000000002813f1e0 00007ffd478c8420
0x000000002813f040:   00007ffd239be640 00007ffd239be600
0x000000002813f050:   0000000000000000 0000000000000000 

Instructions: (pc=0x00007ffd478cda99)
0x00007ffd478cda79:   35 42 e4 13 00 4c 0f 45 f6 48 39 73 18 0f 84 b6
0x00007ffd478cda89:   01 00 00 48 8b 0b 48 83 f9 ff 0f 84 b6 01 00 00
0x00007ffd478cda99:   ff 41 24 48 8b 7b 18 44 8b ee 48 89 7d c0 e8 d4
0x00007ffd478cdaa9:   2e ff ff 85 c0 0f 85 84 ca 08 00 b9 82 03 fe 7f 


Register to memory mapping:

RAX=0xffffffffffffffff is an unknown value
RBX=0x0000000019af78c8 is an unknown value
RCX=0x0000000000000000 is an unknown value
RDX=0xffffffffffffffff is an unknown value
RSP=0x000000002813ef60 is pointing into the stack for thread: 0x0000000019b0b800
RBP=0x000000002813efd0 is pointing into the stack for thread: 0x0000000019b0b800
RSI=0x0000000000000000 is an unknown value
RDI=0x0000000000000000 is an unknown value
R8 =0x0000000000000000 is an unknown value
R9 =0x00007ffd239be600 is an unknown value
R10=0x0000000000000000 is an unknown value
R11=0x0000000000000246 is an unknown value
R12=0x0000000000000000 is an unknown value
R13=0x00000000264f5fe0 is an unknown value
R14=0x0000000000000000 is an unknown value
R15=0x0000000019b0b800 is a thread


Stack: [0x0000000028040000,0x0000000028140000],  sp=0x000000002813ef60,  free space=1019k
Native frames: (J=compiled Java code, j=interpreted, Vv=VM code, C=native code)
C  [ntdll.dll+0x1da99]
C  [ntdll.dll+0x18507]
C  [ntdll.dll+0x18420]
C  [opencv_highgui248.dll+0x15963]
C  [opencv_highgui248.dll+0x16946]
C  [opencv_highgui248.dll+0x10b2]
C  [jniopencv_highgui.dll+0x75d9]
C  0x00000000033ec414

Java frames: (J=compiled Java code, j=interpreted, Vv=VM code)
J 1677  com.googlecode.javacv.cpp.opencv_highgui.cvQueryFrame(Lcom/googlecode/javacv/cpp/opencv_highgui$CvCapture;)Lcom/googlecode/javacv/cpp/opencv_core$IplImage; (0 bytes) @ 0x00000000033ec392 [0x00000000033ec340+0x52]
j  StudentDataEntry$10.run()V+46
v  ~StubRoutines::call_stub

---------------  P R O C E S S  ---------------

Java Threads: ( => current thread )
  0x0000000017802800 JavaThread "Image Fetcher 0" daemon [_thread_blocked, id=5936, stack(0x0000000029130000,0x0000000029230000)]
=>0x0000000019b0b800 JavaThread "Thread-2" [_thread_in_native, id=8908, stack(0x0000000028040000,0x0000000028140000)]
  0x0000000019b00000 JavaThread "TimerQueue" daemon [_thread_blocked, id=7516, stack(0x0000000019500000,0x0000000019600000)]
  0x0000000000f8d800 JavaThread "DestroyJavaVM" [_thread_blocked, id=5444, stack(0x0000000002c50000,0x0000000002d50000)]
  0x00000000175a4000 JavaThread "AWT-EventQueue-0" [_thread_blocked, id=5284, stack(0x00000000184f0000,0x00000000185f0000)]
  0x000000001758d800 JavaThread "AWT-Windows" daemon [_thread_in_native, id=4768, stack(0x0000000017e80000,0x0000000017f80000)]
  0x0000000017588800 JavaThread "AWT-Shutdown" [_thread_blocked, id=3576, stack(0x0000000017d80000,0x0000000017e80000)]
  0x0000000017588000 JavaThread "Java2D Disposer" daemon [_thread_blocked, id=9900, stack(0x0000000017c80000,0x0000000017d80000)]
  0x0000000016d60800 JavaThread "Service Thread" daemon [_thread_blocked, id=3308, stack(0x0000000017140000,0x0000000017240000)]
  0x00000000153d7000 JavaThread "C1 CompilerThread2" daemon [_thread_blocked, id=8464, stack(0x0000000016c40000,0x0000000016d40000)]
  0x00000000153d2000 JavaThread "C2 CompilerThread1" daemon [_thread_blocked, id=4996, stack(0x0000000016b40000,0x0000000016c40000)]
  0x00000000153ce800 JavaThread "C2 CompilerThread0" daemon [_thread_blocked, id=3088, stack(0x0000000016a40000,0x0000000016b40000)]
  0x00000000153cd000 JavaThread "Attach Listener" daemon [_thread_blocked, id=8392, stack(0x0000000016940000,0x0000000016a40000)]
  0x00000000153cc000 JavaThread "Signal Dispatcher" daemon [_thread_blocked, id=6344, stack(0x0000000016840000,0x0000000016940000)]
  0x0000000002e4a000 JavaThread "Finalizer" daemon [_thread_blocked, id=7896, stack(0x0000000016650000,0x0000000016750000)]
  0x0000000002e41000 JavaThread "Reference Handler" daemon [_thread_blocked, id=2480, stack(0x0000000016550000,0x0000000016650000)]

Other Threads:
  0x0000000015397000 VMThread [stack: 0x0000000016450000,0x0000000016550000] [id=9968]
  0x0000000016d75000 WatcherThread [stack: 0x0000000017240000,0x0000000017340000] [id=5292]

VM state:not at safepoint (normal execution)

VM Mutex/Monitor currently owned by a thread: None

Heap:
 PSYoungGen      total 20480K, used 5610K [0x00000000eb600000, 0x00000000ed580000, 0x0000000100000000)
  eden space 15872K, 8% used [0x00000000eb600000,0x00000000eb759f10,0x00000000ec580000)
  from space 4608K, 91% used [0x00000000ec580000,0x00000000ec9a0c90,0x00000000eca00000)
  to   space 8192K, 0% used [0x00000000ecd80000,0x00000000ecd80000,0x00000000ed580000)
 ParOldGen       total 35328K, used 21876K [0x00000000c2200000, 0x00000000c4480000, 0x00000000eb600000)
  object space 35328K, 61% used [0x00000000c2200000,0x00000000c375d3c0,0x00000000c4480000)
 Metaspace       used 21728K, capacity 21929K, committed 22016K, reserved 1069056K
  class space    used 2216K, capacity 2287K, committed 2304K, reserved 1048576K

Card table byte_map: [0x0000000012210000,0x0000000012400000] byte_map_base: 0x0000000011bff000

Marking Bits: (ParMarkBitMap*) 0x000000006c1fc720
 Begin Bits: [0x0000000012950000, 0x00000000138c8000)
 End Bits:   [0x00000000138c8000, 0x0000000014840000)

Polling page: 0x0000000000bf0000

CodeCache: size=245760Kb used=5991Kb max_used=5994Kb free=239768Kb
 bounds [0x0000000002e50000, 0x0000000003440000, 0x0000000011e50000]
 total_blobs=2272 nmethods=1716 adapters=469
 compilation: enabled

Compilation events (10 events):
Event: 87.189 Thread 0x00000000153d2000 1810   !   4       sun.awt.AWTAutoShutdown::setToolkitBusy (124 bytes)
Event: 87.199 Thread 0x00000000153d2000 nmethod 1810 0x0000000003425010 code [0x0000000003425160, 0x0000000003425798]
Event: 87.580 Thread 0x00000000153d7000 1811       3       java.lang.reflect.Field::getBoolean (51 bytes)
Event: 87.581 Thread 0x00000000153d7000 nmethod 1811 0x0000000003430850 code [0x0000000003430a20, 0x0000000003431048]
Event: 87.581 Thread 0x00000000153d7000 1812       3       sun.reflect.UnsafeBooleanFieldAccessorImpl::getBoolean (17 bytes)
Event: 87.583 Thread 0x00000000153d7000 nmethod 1812 0x000000000342f810 code [0x000000000342f9e0, 0x0000000003430438]
Event: 87.612 Thread 0x00000000153d7000 1814       3       java.awt.LightweightDispatcher::trackMouseEnterExit (111 bytes)
Event: 87.614 Thread 0x00000000153d7000 nmethod 1814 0x000000000342e410 code [0x000000000342e620, 0x000000000342f2b8]
Event: 87.732 Thread 0x00000000153d7000 1815       3       java.awt.LightweightDispatcher::isMouseGrab (49 bytes)
Event: 87.733 Thread 0x00000000153d7000 nmethod 1815 0x000000000342db10 code [0x000000000342dca0, 0x000000000342e2b8]

GC Heap History (10 events):
Event: 77.423 GC heap before
{Heap before GC invocations=26 (full 1):
 PSYoungGen      total 25088K, used 18438K [0x00000000eb600000, 0x00000000ed780000, 0x0000000100000000)
  eden space 15872K, 98% used [0x00000000eb600000,0x00000000ec53e9a0,0x00000000ec580000)
  from space 9216K, 30% used [0x00000000ece80000,0x00000000ed143030,0x00000000ed780000)
  to   space 9216K, 0% used [0x00000000ec580000,0x00000000ec580000,0x00000000ece80000)
 ParOldGen       total 35328K, used 21836K [0x00000000c2200000, 0x00000000c4480000, 0x00000000eb600000)
  object space 35328K, 61% used [0x00000000c2200000,0x00000000c37533c0,0x00000000c4480000)
 Metaspace       used 21387K, capacity 21577K, committed 21760K, reserved 1069056K
  class space    used 2180K, capacity 2255K, committed 2304K, reserved 1048576K
Event: 77.425 GC heap after
Heap after GC invocations=26 (full 1):
 PSYoungGen      total 25088K, used 2828K [0x00000000eb600000, 0x00000000ed780000, 0x0000000100000000)
  eden space 15872K, 0% used [0x00000000eb600000,0x00000000eb600000,0x00000000ec580000)
  from space 9216K, 30% used [0x00000000ec580000,0x00000000ec843030,0x00000000ece80000)
  to   space 9216K, 0% used [0x00000000ece80000,0x00000000ece80000,0x00000000ed780000)
 ParOldGen       total 35328K, used 21844K [0x00000000c2200000, 0x00000000c4480000, 0x00000000eb600000)
  object space 35328K, 61% used [0x00000000c2200000,0x00000000c37553c0,0x00000000c4480000)
 Metaspace       used 21387K, capacity 21577K, committed 21760K, reserved 1069056K
  class space    used 2180K, capacity 2255K, committed 2304K, reserved 1048576K
}
Event: 80.143 GC heap before
{Heap before GC invocations=27 (full 1):
 PSYoungGen      total 25088K, used 18510K [0x00000000eb600000, 0x00000000ed780000, 0x0000000100000000)
  eden space 15872K, 98% used [0x00000000eb600000,0x00000000ec550818,0x00000000ec580000)
  from space 9216K, 30% used [0x00000000ec580000,0x00000000ec843030,0x00000000ece80000)
  to   space 9216K, 0% used [0x00000000ece80000,0x00000000ece80000,0x00000000ed780000)
 ParOldGen       total 35328K, used 21844K [0x00000000c2200000, 0x00000000c4480000, 0x00000000eb600000)
  object space 35328K, 61% used [0x00000000c2200000,0x00000000c37553c0,0x00000000c4480000)
 Metaspace       used 21417K, capacity 21641K, committed 21760K, reserved 1069056K
  class space    used 2180K, capacity 2255K, committed 2304K, reserved 1048576K
Event: 80.145 GC heap after
Heap after GC invocations=27 (full 1):
 PSYoungGen      total 24064K, used 2828K [0x00000000eb600000, 0x00000000ed680000, 0x0000000100000000)
  eden space 15872K, 0% used [0x00000000eb600000,0x00000000eb600000,0x00000000ec580000)
  from space 8192K, 34% used [0x00000000ece80000,0x00000000ed143030,0x00000000ed680000)
  to   space 8704K, 0% used [0x00000000ec580000,0x00000000ec580000,0x00000000ece00000)
 ParOldGen       total 35328K, used 21852K [0x00000000c2200000, 0x00000000c4480000, 0x00000000eb600000)
  object space 35328K, 61% used [0x00000000c2200000,0x00000000c37573c0,0x00000000c4480000)
 Metaspace       used 21417K, capacity 21641K, committed 21760K, reserved 1069056K
  class space    used 2180K, capacity 2255K, committed 2304K, reserved 1048576K
}
Event: 82.862 GC heap before
{Heap before GC invocations=28 (full 1):
 PSYoungGen      total 24064K, used 18483K [0x00000000eb600000, 0x00000000ed680000, 0x0000000100000000)
  eden space 15872K, 98% used [0x00000000eb600000,0x00000000ec549ec0,0x00000000ec580000)
  from space 8192K, 34% used [0x00000000ece80000,0x00000000ed143030,0x00000000ed680000)
  to   space 8704K, 0% used [0x00000000ec580000,0x00000000ec580000,0x00000000ece00000)
 ParOldGen       total 35328K, used 21852K [0x00000000c2200000, 0x00000000c4480000, 0x00000000eb600000)
  object space 35328K, 61% used [0x00000000c2200000,0x00000000c37573c0,0x00000000c4480000)
 Metaspace       used 21418K, capacity 21641K, committed 21760K, reserved 1069056K
  class space    used 2180K, capacity 2255K, committed 2304K, reserved 1048576K
Event: 82.865 GC heap after
Heap after GC invocations=28 (full 1):
 PSYoungGen      total 24576K, used 2828K [0x00000000eb600000, 0x00000000ed680000, 0x0000000100000000)
  eden space 15872K, 0% used [0x00000000eb600000,0x00000000eb600000,0x00000000ec580000)
  from space 8704K, 32% used [0x00000000ec580000,0x00000000ec843030,0x00000000ece00000)
  to   space 8704K, 0% used [0x00000000ece00000,0x00000000ece00000,0x00000000ed680000)
 ParOldGen       total 35328K, used 21860K [0x00000000c2200000, 0x00000000c4480000, 0x00000000eb600000)
  object space 35328K, 61% used [0x00000000c2200000,0x00000000c37593c0,0x00000000c4480000)
 Metaspace       used 21418K, capacity 21641K, committed 21760K, reserved 1069056K
  class space    used 2180K, capacity 2255K, committed 2304K, reserved 1048576K
}
Event: 85.523 GC heap before
{Heap before GC invocations=29 (full 1):
 PSYoungGen      total 24576K, used 18700K [0x00000000eb600000, 0x00000000ed680000, 0x0000000100000000)
  eden space 15872K, 100% used [0x00000000eb600000,0x00000000ec580000,0x00000000ec580000)
  from space 8704K, 32% used [0x00000000ec580000,0x00000000ec843030,0x00000000ece00000)
  to   space 8704K, 0% used [0x00000000ece00000,0x00000000ece00000,0x00000000ed680000)
 ParOldGen       total 35328K, used 21860K [0x00000000c2200000, 0x00000000c4480000, 0x00000000eb600000)
  object space 35328K, 61% used [0x00000000c2200000,0x00000000c37593c0,0x00000000c4480000)
 Metaspace       used 21432K, capacity 21641K, committed 21760K, reserved 1069056K
  class space    used 2180K, capacity 2255K, committed 2304K, reserved 1048576K
Event: 85.529 GC heap after
Heap after GC invocations=29 (full 1):
 PSYoungGen      total 24576K, used 1960K [0x00000000eb600000, 0x00000000ed680000, 0x0000000100000000)
  eden space 15872K, 0% used [0x00000000eb600000,0x00000000eb600000,0x00000000ec580000)
  from space 8704K, 22% used [0x00000000ece00000,0x00000000ecfea020,0x00000000ed680000)
  to   space 8704K, 0% used [0x00000000ec580000,0x00000000ec580000,0x00000000ece00000)
 ParOldGen       total 35328K, used 21860K [0x00000000c2200000, 0x00000000c4480000, 0x00000000eb600000)
  object space 35328K, 61% used [0x00000000c2200000,0x00000000c37593c0,0x00000000c4480000)
 Metaspace       used 21432K, capacity 21641K, committed 21760K, reserved 1069056K
  class space    used 2180K, capacity 2255K, committed 2304K, reserved 1048576K
}
Event: 87.662 GC heap before
{Heap before GC invocations=30 (full 1):
 PSYoungGen      total 24576K, used 17081K [0x00000000eb600000, 0x00000000ed680000, 0x0000000100000000)
  eden space 15872K, 95% used [0x00000000eb600000,0x00000000ec4c4578,0x00000000ec580000)
  from space 8704K, 22% used [0x00000000ece00000,0x00000000ecfea020,0x00000000ed680000)
  to   space 8704K, 0% used [0x00000000ec580000,0x00000000ec580000,0x00000000ece00000)
 ParOldGen       total 35328K, used 21860K [0x00000000c2200000, 0x00000000c4480000, 0x00000000eb600000)
  object space 35328K, 61% used [0x00000000c2200000,0x00000000c37593c0,0x00000000c4480000)
 Metaspace       used 21728K, capacity 21929K, committed 22016K, reserved 1069056K
  class space    used 2216K, capacity 2287K, committed 2304K, reserved 1048576K
Event: 87.665 GC heap after
Heap after GC invocations=30 (full 1):
 PSYoungGen      total 20480K, used 4227K [0x00000000eb600000, 0x00000000ed580000, 0x0000000100000000)
  eden space 15872K, 0% used [0x00000000eb600000,0x00000000eb600000,0x00000000ec580000)
  from space 4608K, 91% used [0x00000000ec580000,0x00000000ec9a0c90,0x00000000eca00000)
  to   space 8192K, 0% used [0x00000000ecd80000,0x00000000ecd80000,0x00000000ed580000)
 ParOldGen       total 35328K, used 21876K [0x00000000c2200000, 0x00000000c4480000, 0x00000000eb600000)
  object space 35328K, 61% used [0x00000000c2200000,0x00000000c375d3c0,0x00000000c4480000)
 Metaspace       used 21728K, capacity 21929K, committed 22016K, reserved 1069056K
  class space    used 2216K, capacity 2287K, committed 2304K, reserved 1048576K
}

Deoptimization events (10 events):
Event: 1.790 Thread 0x000000001758d800 Uncommon trap: reason=unstable_if action=reinterpret pc=0x00000000030816e4 method=java.util.HashMap.putVal(ILjava/lang/Object;Ljava/lang/Object;ZZ)Ljava/lang/Object; @ 206
Event: 2.015 Thread 0x00000000175a4000 Uncommon trap: reason=class_check action=maybe_recompile pc=0x0000000002fe4ce8 method=java.lang.String.equals(Ljava/lang/Object;)Z @ 8
Event: 2.021 Thread 0x00000000175a4000 Uncommon trap: reason=class_check action=maybe_recompile pc=0x0000000002fe4ce8 method=java.lang.String.equals(Ljava/lang/Object;)Z @ 8
Event: 5.724 Thread 0x00000000175a4000 Uncommon trap: reason=class_check action=maybe_recompile pc=0x0000000002fe4ce8 method=java.lang.String.equals(Ljava/lang/Object;)Z @ 8
Event: 5.725 Thread 0x00000000175a4000 Uncommon trap: reason=class_check action=maybe_recompile pc=0x0000000002fe4ce8 method=java.lang.String.equals(Ljava/lang/Object;)Z @ 8
Event: 6.378 Thread 0x00000000175a4000 Uncommon trap: reason=unstable_if action=reinterpret pc=0x00000000031327cc method=java.awt.MultipleGradientPaintContext.indexIntoGradientsArrays(F)I @ 13
Event: 6.429 Thread 0x00000000175a4000 Uncommon trap: reason=unstable_if action=reinterpret pc=0x0000000003082a80 method=javax.swing.plaf.nimbus.DerivedColor.equals(Ljava/lang/Object;)Z @ 45
Event: 8.489 Thread 0x0000000019b0b800 Uncommon trap: reason=unstable_if action=reinterpret pc=0x00000000031a6414 method=java.lang.String.<init>([CII)V @ 18
Event: 8.490 Thread 0x0000000019b0b800 Uncommon trap: reason=unstable_if action=reinterpret pc=0x000000000305a1ec method=java.lang.String.<init>([CII)V @ 18
Event: 18.619 Thread 0x0000000019b0b800 Uncommon trap: reason=unstable_if action=reinterpret pc=0x000000000338f18c method=com.googlecode.javacv.cpp.opencv_core$IplImage.flipCopyWithGamma(Ljava/nio/ByteBuffer;ILjava/nio/ByteBuffer;IZDZI)V @ 50

Internal exceptions (10 events):
Event: 1.295 Thread 0x0000000000f8d800 Exception <a 'java/lang/ClassNotFoundException': ToolBar> (0x00000000eba33f00) thrown at [C:\re\workspace\8-2-build-windows-amd64-cygwin\jdk8u131\8869\hotspot\src\share\vm\classfile\systemDictionary.cpp, line 210]
Event: 1.295 Thread 0x0000000000f8d800 Exception <a 'java/lang/ClassNotFoundException': ToggleButton> (0x00000000eba344b0) thrown at [C:\re\workspace\8-2-build-windows-amd64-cygwin\jdk8u131\8869\hotspot\src\share\vm\classfile\systemDictionary.cpp, line 210]
Event: 1.295 Thread 0x0000000000f8d800 Exception <a 'java/lang/ClassNotFoundException': javax/swing/JToolBarSeparator> (0x00000000eba34910) thrown at [C:\re\workspace\8-2-build-windows-amd64-cygwin\jdk8u131\8869\hotspot\src\share\vm\classfile\systemDictionary.cpp, line 210]
Event: 1.296 Thread 0x0000000000f8d800 Exception <a 'java/lang/ClassNotFoundException': ToolBarSeparator> (0x00000000eba34da8) thrown at [C:\re\workspace\8-2-build-windows-amd64-cygwin\jdk8u131\8869\hotspot\src\share\vm\classfile\systemDictionary.cpp, line 210]
Event: 1.296 Thread 0x0000000000f8d800 Exception <a 'java/lang/ClassNotFoundException': ToolTip> (0x00000000eba354e8) thrown at [C:\re\workspace\8-2-build-windows-amd64-cygwin\jdk8u131\8869\hotspot\src\share\vm\classfile\systemDictionary.cpp, line 210]
Event: 1.300 Thread 0x0000000000f8d800 Exception <a 'java/lang/ClassNotFoundException': Tree> (0x00000000eba36108) thrown at [C:\re\workspace\8-2-build-windows-amd64-cygwin\jdk8u131\8869\hotspot\src\share\vm\classfile\systemDictionary.cpp, line 210]
Event: 1.300 Thread 0x0000000000f8d800 Exception <a 'java/lang/ClassNotFoundException': Tree> (0x00000000eba36848) thrown at [C:\re\workspace\8-2-build-windows-amd64-cygwin\jdk8u131\8869\hotspot\src\share\vm\classfile\systemDictionary.cpp, line 210]
Event: 1.301 Thread 0x0000000000f8d800 Exception <a 'java/lang/ClassNotFoundException': javax/swing/JTreeCell> (0x00000000eba36bc8) thrown at [C:\re\workspace\8-2-build-windows-amd64-cygwin\jdk8u131\8869\hotspot\src\share\vm\classfile\systemDictionary.cpp, line 210]
Event: 1.301 Thread 0x0000000000f8d800 Exception <a 'java/lang/ClassNotFoundException': TreeCell> (0x00000000eba37050) thrown at [C:\re\workspace\8-2-build-windows-amd64-cygwin\jdk8u131\8869\hotspot\src\share\vm\classfile\systemDictionary.cpp, line 210]
Event: 1.302 Thread 0x0000000000f8d800 Exception <a 'java/lang/ClassNotFoundException': RootPane> (0x00000000eba37ab0) thrown at [C:\re\workspace\8-2-build-windows-amd64-cygwin\jdk8u131\8869\hotspot\src\share\vm\classfile\systemDictionary.cpp, line 210]

Events (10 events):
Event: 86.159 Executing VM operation: RevokeBias done
Event: 86.160 Executing VM operation: RevokeBias
Event: 86.161 Executing VM operation: RevokeBias done
Event: 87.662 Executing VM operation: ParallelGCFailedAllocation
Event: 87.665 Executing VM operation: ParallelGCFailedAllocation done
Event: 87.665 Executing VM operation: RevokeBias
Event: 87.666 Executing VM operation: RevokeBias done
Event: 87.666 Executing VM operation: RevokeBias
Event: 87.666 Executing VM operation: RevokeBias done
Event: 87.733 Thread 0x00000000153d7000 flushing nmethod 0x0000000002f6f450


Dynamic libraries:
0x00007ff787b40000 - 0x00007ff787b77000 	C:\Program Files\Java\jdk1.8.0_131\bin\java.exe
0x00007ffd478b0000 - 0x00007ffd47a91000 	C:\WINDOWS\SYSTEM32\ntdll.dll
0x00007ffd47320000 - 0x00007ffd473d2000 	C:\WINDOWS\System32\KERNEL32.DLL
0x00007ffd44ac0000 - 0x00007ffd44d33000 	C:\WINDOWS\System32\KERNELBASE.dll
0x00007ffd453b0000 - 0x00007ffd45451000 	C:\WINDOWS\System32\ADVAPI32.dll
0x00007ffd47280000 - 0x00007ffd4731e000 	C:\WINDOWS\System32\msvcrt.dll
0x00007ffd47820000 - 0x00007ffd4787b000 	C:\WINDOWS\System32\sechost.dll
0x00007ffd475b0000 - 0x00007ffd476d4000 	C:\WINDOWS\System32\RPCRT4.dll
0x00007ffd45b10000 - 0x00007ffd45ca0000 	C:\WINDOWS\System32\USER32.dll
0x00007ffd43d90000 - 0x00007ffd43db0000 	C:\WINDOWS\System32\win32u.dll
0x00007ffd45ae0000 - 0x00007ffd45b08000 	C:\WINDOWS\System32\GDI32.dll
0x00007ffd448a0000 - 0x00007ffd44a32000 	C:\WINDOWS\System32\gdi32full.dll
0x00007ffd43db0000 - 0x00007ffd43e4f000 	C:\WINDOWS\System32\msvcp_win.dll
0x00007ffd447a0000 - 0x00007ffd4489a000 	C:\WINDOWS\System32\ucrtbase.dll
0x00007ffd36ad0000 - 0x00007ffd36d39000 	C:\WINDOWS\WinSxS\amd64_microsoft.windows.common-controls_6595b64144ccf1df_6.0.17134.81_none_b4b229fe3cb4cfa3\COMCTL32.dll
0x00007ffd45630000 - 0x00007ffd45953000 	C:\WINDOWS\System32\combase.dll
0x00007ffd44a40000 - 0x00007ffd44aba000 	C:\WINDOWS\System32\bcryptPrimitives.dll
0x00007ffd45460000 - 0x00007ffd4548d000 	C:\WINDOWS\System32\IMM32.DLL
0x000000006b900000 - 0x000000006b9d2000 	C:\Program Files\Java\jdk1.8.0_131\jre\bin\msvcr100.dll
0x000000006b9e0000 - 0x000000006c27c000 	C:\Program Files\Java\jdk1.8.0_131\jre\bin\server\jvm.dll
0x00007ffd44e90000 - 0x00007ffd44e98000 	C:\WINDOWS\System32\PSAPI.DLL
0x00007ffd36090000 - 0x00007ffd36099000 	C:\WINDOWS\SYSTEM32\WSOCK32.dll
0x00007ffd40bd0000 - 0x00007ffd40bf3000 	C:\WINDOWS\SYSTEM32\WINMM.dll
0x00007ffd473e0000 - 0x00007ffd4744c000 	C:\WINDOWS\System32\WS2_32.dll
0x00007ffd3e3b0000 - 0x00007ffd3e3ba000 	C:\WINDOWS\SYSTEM32\VERSION.dll
0x00007ffd40ba0000 - 0x00007ffd40bca000 	C:\WINDOWS\SYSTEM32\winmmbase.dll
0x00007ffd44560000 - 0x00007ffd445a9000 	C:\WINDOWS\System32\cfgmgr32.dll
0x000000006b8b0000 - 0x000000006b8bf000 	C:\Program Files\Java\jdk1.8.0_131\jre\bin\verify.dll
0x000000006b880000 - 0x000000006b8a9000 	C:\Program Files\Java\jdk1.8.0_131\jre\bin\java.dll
0x000000006b860000 - 0x000000006b876000 	C:\Program Files\Java\jdk1.8.0_131\jre\bin\zip.dll
0x00007ffd45e40000 - 0x00007ffd47280000 	C:\WINDOWS\System32\SHELL32.dll
0x00007ffd45d00000 - 0x00007ffd45da9000 	C:\WINDOWS\System32\shcore.dll
0x00007ffd43e50000 - 0x00007ffd4455d000 	C:\WINDOWS\System32\windows.storage.dll
0x00007ffd44e30000 - 0x00007ffd44e81000 	C:\WINDOWS\System32\shlwapi.dll
0x00007ffd43c50000 - 0x00007ffd43c61000 	C:\WINDOWS\System32\kernel.appcore.dll
0x00007ffd43c10000 - 0x00007ffd43c2f000 	C:\WINDOWS\System32\profapi.dll
0x00007ffd43bc0000 - 0x00007ffd43c0c000 	C:\WINDOWS\System32\powrprof.dll
0x00007ffd43c70000 - 0x00007ffd43c7a000 	C:\WINDOWS\System32\FLTLIB.DLL
0x000000006b680000 - 0x000000006b818000 	C:\Program Files\Java\jdk1.8.0_131\jre\bin\awt.dll
0x00007ffd47750000 - 0x00007ffd47812000 	C:\WINDOWS\System32\OLEAUT32.dll
0x00007ffd42450000 - 0x00007ffd424db000 	C:\WINDOWS\SYSTEM32\apphelp.dll
0x00007ffd42500000 - 0x00007ffd42598000 	C:\WINDOWS\system32\uxtheme.dll
0x00007ffd45960000 - 0x00007ffd45ad5000 	C:\WINDOWS\System32\MSCTF.dll
0x00007ffd425d0000 - 0x00007ffd425f9000 	C:\WINDOWS\system32\dwmapi.dll
0x00007ffd47450000 - 0x00007ffd475a1000 	C:\WINDOWS\System32\ole32.dll
0x00007ffd29960000 - 0x00007ffd29978000 	C:\Program Files (x86)\Smadav\SmadHook64.dll
0x00007ffd43c80000 - 0x00007ffd43cd7000 	C:\WINDOWS\System32\WINTRUST.dll
0x00007ffd43c30000 - 0x00007ffd43c42000 	C:\WINDOWS\System32\MSASN1.dll
0x00007ffd445b0000 - 0x00007ffd44792000 	C:\WINDOWS\System32\CRYPT32.dll
0x000000006b630000 - 0x000000006b677000 	C:\Program Files\Java\jdk1.8.0_131\jre\bin\fontmanager.dll
0x00007ffd29620000 - 0x00007ffd29740000 	C:\WINDOWS\system32\opengl32.dll
0x00007ffd2bc90000 - 0x00007ffd2bcbc000 	C:\WINDOWS\SYSTEM32\GLU32.dll
0x00007ffd44ea0000 - 0x00007ffd44f40000 	C:\WINDOWS\System32\clbcatq.dll
0x00007ffd32e20000 - 0x00007ffd32fce000 	C:\WINDOWS\SYSTEM32\WindowsCodecs.dll
0x00007ffd2f510000 - 0x00007ffd2f568000 	C:\WINDOWS\system32\dataexchange.dll
0x00007ffd41a60000 - 0x00007ffd41d6b000 	C:\WINDOWS\system32\d3d11.dll
0x00007ffd41d70000 - 0x00007ffd41f0c000 	C:\WINDOWS\system32\dcomp.dll
0x00007ffd42980000 - 0x00007ffd42a3b000 	C:\WINDOWS\system32\dxgi.dll
0x00007ffd40cf0000 - 0x00007ffd40ea8000 	C:\WINDOWS\system32\twinapi.appcore.dll
0x00007ffd40eb0000 - 0x00007ffd40ed1000 	C:\WINDOWS\system32\RMCLIENT.dll
0x000000006b840000 - 0x000000006b85a000 	C:\Program Files\Java\jdk1.8.0_131\jre\bin\net.dll
0x00007ffd433e0000 - 0x00007ffd43446000 	C:\WINDOWS\system32\mswsock.dll
0x000000006b820000 - 0x000000006b831000 	C:\Program Files\Java\jdk1.8.0_131\jre\bin\nio.dll
0x000000006b5e0000 - 0x000000006b622000 	C:\Program Files\Java\jdk1.8.0_131\jre\bin\t2k.dll
0x00007ffd3f450000 - 0x00007ffd3f4e8000 	C:\WINDOWS\System32\TextInputFramework.dll
0x00007ffd329b0000 - 0x00007ffd32cce000 	C:\WINDOWS\System32\CoreUIComponents.dll
0x00007ffd42250000 - 0x00007ffd4232a000 	C:\WINDOWS\System32\CoreMessaging.dll
0x00007ffd42cb0000 - 0x00007ffd42ce1000 	C:\WINDOWS\SYSTEM32\ntmarta.dll
0x00007ffd40020000 - 0x00007ffd4016d000 	C:\WINDOWS\SYSTEM32\wintypes.dll
0x000000006b5a0000 - 0x000000006b5ca000 	C:\Program Files\Java\jdk1.8.0_131\jre\bin\dcpr.dll
0x0000000068c50000 - 0x0000000068d21000 	C:\Users\HORD\AppData\Local\Temp\javacpp44137648642866\msvcr100.dll
0x0000000068bb0000 - 0x0000000068c48000 	C:\Users\HORD\AppData\Local\Temp\javacpp44137648642866\msvcp100.dll
0x0000000066840000 - 0x00000000676b4000 	C:\Users\HORD\AppData\Local\Temp\javacpp44137648642866\opencv_ffmpeg248_64.dll
0x00007ffd2abd0000 - 0x00007ffd2ae42000 	C:\Users\HORD\AppData\Local\Temp\javacpp44137648642866\opencv_core248.dll
0x00007ffd1f740000 - 0x00007ffd1f9f2000 	C:\Users\HORD\AppData\Local\Temp\javacpp44137648642866\opencv_imgproc248.dll
0x00007ffd23790000 - 0x00007ffd239dd000 	C:\Users\HORD\AppData\Local\Temp\javacpp44137648642866\opencv_highgui248.dll
0x00007ffd2e220000 - 0x00007ffd2e23f000 	C:\WINDOWS\SYSTEM32\AVIFIL32.dll
0x00007ffd2c4e0000 - 0x00007ffd2c509000 	C:\WINDOWS\SYSTEM32\MSVFW32.dll
0x00007ffd2d5f0000 - 0x00007ffd2d608000 	C:\WINDOWS\SYSTEM32\AVICAP32.dll
0x00007ffd28900000 - 0x00007ffd2891c000 	C:\WINDOWS\SYSTEM32\MSACM32.dll
0x00007ffd2aef0000 - 0x00007ffd2af03000 	C:\Users\HORD\AppData\Local\Temp\javacpp44137648642866\jniopencv_highgui.dll
0x00007ffd2aed0000 - 0x00007ffd2aee7000 	C:\Windows\System32\devenum.dll
0x00007ffd44f60000 - 0x00007ffd453ab000 	C:\WINDOWS\System32\setupapi.dll
0x00007ffd43970000 - 0x00007ffd43997000 	C:\WINDOWS\SYSTEM32\DEVOBJ.dll
0x00007ffd37ac0000 - 0x00007ffd37aca000 	C:\WINDOWS\SYSTEM32\msdmo.dll
0x00007ffd29430000 - 0x00007ffd29463000 	C:\Windows\System32\qcap.dll
0x00007ffd279d0000 - 0x00007ffd27b8d000 	C:\Windows\System32\quartz.dll
0x00007ffd436c0000 - 0x00007ffd436e5000 	C:\Windows\System32\bcrypt.dll
0x00007ffd293e0000 - 0x00007ffd2942b000 	C:\Windows\System32\mfksproxy.dll
0x00007ffd2a670000 - 0x00007ffd2a68d000 	C:\Windows\System32\ATL.DLL
0x00007ffd327d0000 - 0x00007ffd329ac000 	C:\Windows\System32\MFPlat.DLL
0x00007ffd35170000 - 0x00007ffd3519e000 	C:\Windows\System32\RTWorkQ.DLL
0x00007ffd29390000 - 0x00007ffd293de000 	C:\Windows\System32\MFSENSORGROUP.dll
0x00007ffd29340000 - 0x00007ffd29388000 	C:\Windows\System32\ksproxy.ax
0x00007ffd3df40000 - 0x00007ffd3df49000 	C:\Windows\System32\ksuser.dll
0x00007ffd22470000 - 0x00007ffd22607000 	C:\Windows\System32\d3d9.dll
0x00007ffd40240000 - 0x00007ffd402bf000 	C:\WINDOWS\SYSTEM32\policymanager.dll
0x00007ffd408d0000 - 0x00007ffd40961000 	C:\Windows\System32\msvcp110_win.dll
0x00007ffd379f0000 - 0x00007ffd379fc000 	C:\Windows\System32\vidcap.ax
0x00007ffd29740000 - 0x00007ffd29766000 	C:\Windows\System32\kswdmcap.ax
0x00007ffd10ab0000 - 0x00007ffd10c14000 	C:\Windows\System32\MFC42.dll
0x00007ffd24180000 - 0x00007ffd2421f000 	C:\Windows\System32\qedit.dll
0x00007ffd44d40000 - 0x00007ffd44e2d000 	C:\WINDOWS\System32\COMDLG32.dll
0x00007ffd1f440000 - 0x00007ffd1f5da000 	C:\WINDOWS\WinSxS\amd64_microsoft.windows.gdiplus_6595b64144ccf1df_1.1.17134.81_none_3479991c504cebcb\gdiplus.dll
0x00007ffd1f640000 - 0x00007ffd1f736000 	C:\Windows\System32\DDRAW.dll
0x00007ffd35110000 - 0x00007ffd35118000 	C:\Windows\System32\DCIMAN32.dll
0x00007ffd21f60000 - 0x00007ffd21ffa000 	C:\Users\HORD\AppData\Local\Temp\javacpp44137648642866\jniopencv_core.dll
0x0000000068b20000 - 0x0000000068b51000 	C:\Program Files\Java\jdk1.8.0_131\jre\bin\jpeg.dll
0x00007ffd36900000 - 0x00007ffd36ac9000 	C:\WINDOWS\SYSTEM32\dbghelp.dll

VM Arguments:
jvm_args: -Dfile.encoding=UTF-8 -Djava.library.path=C:\opencv\build\java\x86 
java_command: StudentDataEntry
java_class_path (initial): C:\Users\HORD\Documents\NetBeansProjects\SchoolDataManagement\sqlitejdbc-v056.jar;C:\Users\HORD\Documents\NetBeansProjects\SchoolDataManagement\rs2xml.jar;C:\Users\HORD\Documents\NetBeansProjects\SchoolDataManagement\itextpdf-5.3.1.jar;C:\Users\HORD\Documents\NetBeansProjects\SchoolDataManagement\mail.jar;C:\Users\HORD\Documents\NetBeansProjects\SchoolDataManagement\mailapi.jar;C:\Users\HORD\Documents\NetBeansProjects\SchoolDataManagement\pop3.jar;C:\Users\HORD\Documents\NetBeansProjects\SchoolDataManagement\dsn.jar;C:\Users\HORD\Documents\NetBeansProjects\SchoolDataManagement\imap.jar;C:\Users\HORD\Documents\NetBeansProjects\SchoolDataManagement\smtp.jar;C:\Users\HORD\Documents\NetBeansProjects\SchoolDataManagement\opencv-3.2.0-1.jar;C:\javacv-bin\javacpp.jar;C:\javacv-bin\javacv-android-arm.jar;C:\javacv-bin\javacv-linux-x86.jar;C:\javacv-bin\javacv-linux-x86_64.jar;C:\javacv-bin\javacv-macosx-x86_64.jar;C:\javacv-bin\javacv-windows-x86.jar;C:\javacv-bin\javacv-windows-x86_64.jar;C:\javacv-bin\javacv.jar;C:\opencv\build\java\opencv-341.jar;C:\javacv-cppjars\ffmpeg-2.1.1-android-arm.jar;C:\javacv-cppjars\ffmpeg-2.1.1-linux-x86.jar;C:\javacv-cppjars\ffmpeg-2.1.1-linux-x86_64.jar;C:\javacv-cppjars\ffmpeg-2.1.1-macosx-x86_64.jar;C:\javacv-cppjars\ffmpeg-2.1.1-windows-x86.jar;C:\javacv-cppjars\ffmpeg-2.1.1-windows-x86_64.jar;C:\javacv-cppjars\opencv-2.4.8-android-arm.jar;C:\javacv-cppjars\opencv-2.4.8-linux-x86.jar;C:\javacv-cppjars\opencv-2.4.8-linux-x86_64.jar;C:\javacv-cppjars\opencv-2.4.8-macosx-x86_64.jar;C:\javacv-cppjars\opencv-2.4.8-windows-x86.jar;C:\javacv-cppjars\opencv-2.4.8-windows-x86_64.jar;C:\opencv\build\x64;C:\Users\HORD\Documents\NetBeansProjects\SchoolDataManagement\joda-time-2.10.jar;C:\Users\HORD\Documents\NetBeansProjects\SchoolDataManagement\build\classes
Launcher Type: SUN_STANDARD

Environment Variables:
JAVA_HOME=C:\Program Files\Java\jdk1.8.0_131
PATH=C:\ProgramData\Oracle\Java\javapath;C:\WINDOWS\system32;C:\WINDOWS;C:\WINDOWS\System32\Wbem;C:\WINDOWS\System32\WindowsPowerShell\v1.0\;C:\Program Files (x86)\Common Files\Apple\Internet Services\;C:\Program Files (x86)\Pandoc\;C:\opencv\build\x64\vc14\bin;;C:\WINDOWS\System32\OpenSSH\;C:\Users\HORD\AppData\Local\Microsoft\WindowsApps;
USERNAME=HORD
OS=Windows_NT
PROCESSOR_IDENTIFIER=Intel64 Family 6 Model 37 Stepping 5, GenuineIntel



---------------  S Y S T E M  ---------------

OS: Windows 10.0 , 64 bit Build 17134 (10.0.17134.1)

CPU:total 4 (initial active 4) (2 cores per cpu, 2 threads per core) family 6 model 37 stepping 5, cmov, cx8, fxsr, mmx, sse, sse2, sse3, ssse3, sse4.1, sse4.2, popcnt, aes, clmul, ht, tsc, tscinvbit

Memory: 4k page, physical 4052816k(756464k free), swap 5104076k(1031772k free)

vm_info: Java HotSpot(TM) 64-Bit Server VM (25.131-b11) for windows-amd64 JRE (1.8.0_131-b11), built on Mar 15 2017 01:23:53 by "java_re" with MS VC++ 10.0 (VS2010)

time: Fri Jun 01 07:50:35 2018
elapsed time: 88 seconds (0d 0h 1m 28s)

